<?xml version="1.0" encoding="UTF-8"?>
<!-- Generated by org.testng.reporters.JUnitReportReporter -->
<testsuite hostname="DESKTOP-FGN70A4" failures="0" tests="10" name="testng.JavaTodo" time="289.850" errors="0" timestamp="2022-11-21T22:37:55 IST" skipped="0">
  <testcase classname="testng.JavaTodo" name="test2" time="37.938"/>
  <system-out/>
  <testcase classname="testng.JavaTodo" name="test2" time="0.792"/>
  <system-out/>
  <testcase classname="testng.JavaTodo" name="test" time="26.641"/>
  <system-out/>
  <testcase classname="testng.JavaTodo" name="test" time="44.152"/>
  <system-out/>
  <testcase classname="testng.JavaTodo" name="test" time="37.164"/>
  <system-out/>
  <testcase classname="testng.JavaTodo" name="test" time="0.780"/>
  <system-out/>
  <testcase classname="testng.JavaTodo" name="test2" time="44.817"/>
  <system-out/>
  <testcase classname="testng.JavaTodo" name="test2" time="31.813"/>
  <system-out/>
  <testcase classname="testng.JavaTodo" name="test" time="30.891"/>
  <system-out/>
  <testcase classname="testng.JavaTodo" name="test2" time="34.862"/>
  <system-out/>
</testsuite> <!-- testng.JavaTodo -->
